[0;36m[INFO][0m Detected pnpm (pnpm-lock.yaml found)
[0;36m[INFO][0m Using package manager: pnpm
[0;36m[INFO][0m No arguments provided, running 'dev' script...
[0;36m[INFO][0m Running script: dev
[0;36m[INFO][0m Executing: pnpm run dev

> my-v0-project@0.1.0 dev /Users/pro/projects/frontend/3dp-admin-portal
> next dev

   ▲ Next.js 16.0.0 (Turbopack)
   - Local:        http://localhost:3000
   - Network:      http://192.168.0.3:3000

 ✓ Starting...

   We detected TypeScript in your project and reconfigured your tsconfig.json file for you.
   The following suggested values were added to your tsconfig.json. These values can be changed to fit your project's needs:

   	- include was updated to add '.next/dev/types/**/*.ts'

   The following mandatory changes were made to your tsconfig.json:

   	- jsx was set to react-jsx (next.js uses the React automatic runtime)

 ⚠ The "middleware" file convention is deprecated. Please use "proxy" instead. Learn more: https://nextjs.org/docs/messages/middleware-to-proxy
 ✓ Ready in 3.3s
 ⨯ Error: Your project's URL and Key are required to create a Supabase client!

Check your Supabase project's API settings to find these values

https://supabase.com/dashboard/project/_/settings/api
    at <unknown> (https://supabase.com/dashboard/project/_/settings/api)
    at <unknown> (https://supabase.com/dashboard/project/_/settings/api)
    at updateSession (lib/supabase/middleware.ts:9:38)
    at middleware (middleware.ts:5:29)
   7 |   })
   8 |
>  9 |   const supabase = createServerClient(
     |                                      ^
  10 |     process.env.NEXT_PUBLIC_SUPABASE_URL!,
  11 |     process.env.NEXT_PUBLIC_SUPABASE_ANON_KEY!,
  12 |     {
 GET / 404 in 573ms (compile: -56397µs, proxy.ts: 563ms, render: 66ms)
   Reload env: .env.local
 ⨯ Error: Your project's URL and Key are required to create a Supabase client!

Check your Supabase project's API settings to find these values

https://supabase.com/dashboard/project/_/settings/api
    at <unknown> (https://supabase.com/dashboard/project/_/settings/api)
    at <unknown> (https://supabase.com/dashboard/project/_/settings/api)
    at updateSession (lib/supabase/middleware.ts:9:38)
    at middleware (middleware.ts:5:29)
   7 |   })
   8 |
>  9 |   const supabase = createServerClient(
     |                                      ^
  10 |     process.env.NEXT_PUBLIC_SUPABASE_URL!,
  11 |     process.env.NEXT_PUBLIC_SUPABASE_ANON_KEY!,
  12 |     {
 GET / 404 in 80ms (compile: -8688µs, proxy.ts: 75ms, render: 14ms)
   Reload env: .env.local
 GET / 200 in 484ms (compile: 350ms, proxy.ts: 27ms, render: 107ms)
 GET / 200 in 56ms (compile: 3ms, proxy.ts: 9ms, render: 44ms)
[0;36m[INFO][0m Detected pnpm (pnpm-lock.yaml found)
[0;36m[INFO][0m Using package manager: pnpm
[0;36m[INFO][0m No arguments provided, running 'dev' script...
[0;36m[INFO][0m Running script: dev
[0;36m[INFO][0m Executing: pnpm run dev

> my-v0-project@0.1.0 dev /Users/pro/projects/frontend/3dp-admin-portal
> next dev

   ▲ Next.js 16.0.0 (Turbopack)
   - Local:        http://localhost:3000
   - Network:      http://192.168.0.3:3000
   - Environments: .env.local

 ✓ Starting...
 ⚠ The "middleware" file convention is deprecated. Please use "proxy" instead. Learn more: https://nextjs.org/docs/messages/middleware-to-proxy
 ✓ Ready in 493ms
 GET / 200 in 1271ms (compile: 1210ms, proxy.ts: 6ms, render: 55ms)
 GET /auth/login 200 in 399ms (compile: 355ms, proxy.ts: 21ms, render: 23ms)
 GET /admin 200 in 2.7s (compile: 555ms, proxy.ts: 1167ms, render: 936ms)
 GET / 200 in 57ms (compile: 4ms, proxy.ts: 29ms, render: 25ms)
 GET /auth/login 200 in 35ms (compile: 5ms, proxy.ts: 7ms, render: 24ms)
 GET /dashboard 200 in 1982ms (compile: 310ms, proxy.ts: 709ms, render: 963ms)
 GET / 200 in 47ms (compile: 6ms, proxy.ts: 14ms, render: 27ms)
 GET /auth/login 200 in 59ms (compile: 7ms, proxy.ts: 29ms, render: 23ms)
 GET /admin 200 in 1532ms (compile: 12ms, proxy.ts: 642ms, render: 877ms)
 ✓ Compiled in 89ms
 ✓ Compiled in 61ms
 ✓ Compiled in 49ms
 ✓ Compiled in 50ms
 ✓ Compiled in 66ms
 ✓ Compiled in 82ms
 GET / 200 in 49ms (compile: 9ms, proxy.ts: 9ms, render: 31ms)
 GET /auth/login 200 in 46ms (compile: 13ms, proxy.ts: 16ms, render: 17ms)
 GET /admin 200 in 1682ms (compile: 14ms, proxy.ts: 728ms, render: 939ms)
 GET / 200 in 53ms (compile: 9ms, proxy.ts: 7ms, render: 36ms)
 GET /auth/login 200 in 35ms (compile: 15ms, proxy.ts: 8ms, render: 12ms)
 GET /dashboard 200 in 1763ms (compile: 95ms, proxy.ts: 681ms, render: 988ms)
 ✓ Compiled in 45ms
 ✓ Compiled in 49ms
 ✓ Compiled in 33ms
 ✓ Compiled in 54ms
 ✓ Compiled in 38ms
 ✓ Compiled in 33ms
 ✓ Compiled in 59ms
 GET /dashboard 200 in 1135ms (compile: 77ms, proxy.ts: 986ms, render: 71ms)
 GET /dashboard 200 in 430ms (compile: 11ms, proxy.ts: 389ms, render: 31ms)
 GET /dashboard 200 in 429ms (compile: 3ms, proxy.ts: 387ms, render: 39ms)
 GET /dashboard 200 in 426ms (compile: 10ms, proxy.ts: 401ms, render: 15ms)
 ✓ Compiled in 464ms
 GET /dashboard 200 in 1388ms (compile: 121ms, proxy.ts: 1201ms, render: 66ms)
 GET /dashboard 200 in 484ms (compile: 14ms, proxy.ts: 433ms, render: 37ms)
 GET /dashboard 200 in 594ms (compile: 9ms, proxy.ts: 553ms, render: 31ms)
 GET /dashboard 200 in 475ms (compile: 13ms, proxy.ts: 416ms, render: 45ms)
 GET /dashboard 200 in 450ms (compile: 11ms, proxy.ts: 397ms, render: 42ms)
 GET /dashboard 200 in 466ms (compile: 7ms, proxy.ts: 417ms, render: 42ms)
 GET /dashboard 200 in 426ms (compile: 12ms, proxy.ts: 390ms, render: 24ms)
 GET /dashboard 200 in 423ms (compile: 6ms, proxy.ts: 381ms, render: 36ms)
 GET /dashboard 200 in 456ms (compile: 11ms, proxy.ts: 416ms, render: 29ms)
 GET /dashboard 200 in 1431ms (compile: 3ms, proxy.ts: 1404ms, render: 24ms)
 GET /dashboard 200 in 438ms (compile: 9ms, proxy.ts: 403ms, render: 26ms)
 GET /dashboard 200 in 538ms (compile: 10ms, proxy.ts: 495ms, render: 33ms)
 GET /dashboard 200 in 434ms (compile: 14ms, proxy.ts: 395ms, render: 24ms)
 GET /dashboard 200 in 460ms (compile: 8ms, proxy.ts: 409ms, render: 43ms)
 GET /dashboard 200 in 439ms (compile: 10ms, proxy.ts: 387ms, render: 41ms)
 GET /dashboard 200 in 410ms (compile: 6ms, proxy.ts: 374ms, render: 30ms)
 GET /dashboard 200 in 432ms (compile: 7ms, proxy.ts: 378ms, render: 47ms)
 GET /dashboard 200 in 426ms (compile: 4ms, proxy.ts: 400ms, render: 22ms)
 GET /dashboard 200 in 452ms (compile: 18ms, proxy.ts: 403ms, render: 31ms)
 GET /dashboard 200 in 500ms (compile: 3ms, proxy.ts: 468ms, render: 30ms)
 ✓ Compiled in 51ms
 ✓ Compiled in 48ms
 ✓ Compiled in 51ms
 ✓ Compiled in 40ms
 ✓ Compiled in 52ms
 GET /dashboard 200 in 1555ms (compile: 91ms, proxy.ts: 1397ms, render: 67ms)
 ✓ Compiled in 51ms
 GET /dashboard 200 in 2.1s (compile: 15ms, proxy.ts: 850ms, render: 1277ms)
 ✓ Compiled in 165ms
 ✓ Compiled in 46ms
 GET /auth/login 200 in 173ms (compile: 75ms, proxy.ts: 5ms, render: 93ms)
 ✓ Compiled in 58ms
 ✓ Compiled in 46ms
 ✓ Compiled in 52ms
 ✓ Compiled in 96ms
 GET /dashboard 200 in 894ms (compile: 95ms, proxy.ts: 746ms, render: 53ms)
 ✓ Compiled in 57ms
 ✓ Compiled in 53ms
 ✓ Compiled in 40ms
 ✓ Compiled in 36ms
 ✓ Compiled in 53ms
 ✓ Compiled in 73ms
 ✓ Compiled in 43ms
 ✓ Compiled in 39ms
 ✓ Compiled in 43ms
 ✓ Compiled in 44ms
 GET /dashboard 200 in 1343ms (compile: 122ms, proxy.ts: 1166ms, render: 54ms)
 GET /dashboard 200 in 887ms (compile: 113ms, proxy.ts: 708ms, render: 66ms)
 GET /dashboard 200 in 480ms (compile: 8ms, proxy.ts: 435ms, render: 37ms)
 GET /dashboard 200 in 448ms (compile: 5ms, proxy.ts: 414ms, render: 28ms)
 GET /dashboard 200 in 466ms (compile: 17ms, proxy.ts: 408ms, render: 41ms)
 GET /dashboard 200 in 504ms (compile: 14ms, proxy.ts: 464ms, render: 26ms)
 GET /dashboard 200 in 646ms (compile: 4ms, proxy.ts: 612ms, render: 30ms)
 GET /dashboard 200 in 448ms (compile: 5ms, proxy.ts: 415ms, render: 29ms)
 GET /dashboard 200 in 463ms (compile: 2ms, proxy.ts: 439ms, render: 22ms)
 GET /dashboard 200 in 484ms (compile: 10ms, proxy.ts: 437ms, render: 37ms)
 GET /dashboard 200 in 417ms (compile: 2ms, proxy.ts: 389ms, render: 26ms)
 GET /dashboard 200 in 471ms (compile: 11ms, proxy.ts: 420ms, render: 40ms)
 GET /dashboard 200 in 427ms (compile: 2ms, proxy.ts: 403ms, render: 22ms)
 GET /dashboard 200 in 457ms (compile: 13ms, proxy.ts: 414ms, render: 30ms)
 GET /dashboard 200 in 442ms (compile: 2ms, proxy.ts: 414ms, render: 25ms)
 GET /dashboard 200 in 463ms (compile: 11ms, proxy.ts: 417ms, render: 35ms)
 GET /dashboard 200 in 472ms (compile: 10ms, proxy.ts: 430ms, render: 33ms)
 GET /dashboard 200 in 442ms (compile: 12ms, proxy.ts: 404ms, render: 26ms)
 GET /dashboard 200 in 449ms (compile: 15ms, proxy.ts: 408ms, render: 26ms)
 ✓ Compiled in 104ms
 ✓ Compiled in 80ms
 ✓ Compiled in 110ms
 ⚠ Fast Refresh had to perform a full reload due to a runtime error.
 GET /dashboard 200 in 1800ms (compile: 127ms, proxy.ts: 662ms, render: 1011ms)
 ✓ Compiled in 47ms
 GET /profile 200 in 1024ms (compile: 261ms, proxy.ts: 737ms, render: 26ms)
 ✓ Compiled in 54ms
 GET /auth/login 200 in 96ms (compile: 36ms, proxy.ts: 3ms, render: 58ms)
 GET /installHook.js.map 404 in 1001ms (compile: 193ms, proxy.ts: 774ms, render: 34ms)
 ✓ Compiled in 46ms
 GET /profile 200 in 707ms (compile: 12ms, proxy.ts: 678ms, render: 17ms)
 ✓ Compiled in 97ms
 GET /profile 200 in 1565ms (compile: 6ms, proxy.ts: 1549ms, render: 10ms)
 GET /auth/login 200 in 44ms (compile: 10ms, proxy.ts: 18ms, render: 16ms)
 ✓ Compiled in 85ms
 GET /dashboard 200 in 2.9s (compile: 107ms, proxy.ts: 1882ms, render: 904ms)
 ✓ Compiled in 65ms
 GET /auth/login 200 in 51ms (compile: 14ms, proxy.ts: 8ms, render: 30ms)
 ✓ Compiled in 37ms
 ✓ Compiled in 43ms
 GET /admin 200 in 2.3s (compile: 136ms, proxy.ts: 1026ms, render: 1112ms)
 ✓ Compiled in 47ms
 ✓ Compiled in 80ms
 ✓ Compiled in 48ms
 GET /auth/login 200 in 36ms (compile: 9ms, proxy.ts: 15ms, render: 11ms)
 ✓ Compiled in 57ms
 ✓ Compiled in 51ms
 GET /auth/sign-up 200 in 261ms (compile: 219ms, proxy.ts: 19ms, render: 23ms)
 GET /auth/login 200 in 42ms (compile: 15ms, proxy.ts: 10ms, render: 17ms)
 ✓ Compiled in 44ms
 ✓ Compiled in 51ms
 GET /auth/login 404 in 121ms (compile: 57ms, proxy.ts: 41ms, render: 24ms)
 GET /auth/login 200 in 61ms (compile: 38ms, proxy.ts: 2ms, render: 20ms)
 GET /auth/login 200 in 16ms (compile: 1688µs, proxy.ts: 2ms, render: 13ms)
 GET /auth/login 200 in 16ms (compile: 2ms, proxy.ts: 2ms, render: 11ms)
 GET /auth/login 200 in 14ms (compile: 2ms, proxy.ts: 1988µs, render: 10ms)
 GET /auth/login 200 in 12ms (compile: 1606µs, proxy.ts: 1848µs, render: 8ms)
 GET /auth/login 200 in 13ms (compile: 1837µs, proxy.ts: 1767µs, render: 9ms)
 GET /auth/login 200 in 16ms (compile: 1887µs, proxy.ts: 2ms, render: 12ms)
 GET /auth/login 200 in 13ms (compile: 1605µs, proxy.ts: 2ms, render: 9ms)
 GET /auth/login 200 in 19ms (compile: 1409µs, proxy.ts: 2ms, render: 15ms)
 GET /auth/login 200 in 16ms (compile: 1541µs, proxy.ts: 2ms, render: 12ms)
 GET /auth/login 200 in 15ms (compile: 2ms, proxy.ts: 2ms, render: 10ms)
 GET /auth/login 200 in 18ms (compile: 2ms, proxy.ts: 1988µs, render: 14ms)
 GET /auth/login 200 in 13ms (compile: 1779µs, proxy.ts: 2ms, render: 9ms)
 GET /auth/login 200 in 16ms (compile: 2ms, proxy.ts: 2ms, render: 12ms)
 GET /auth/login 200 in 16ms (compile: 2ms, proxy.ts: 2ms, render: 12ms)
 GET /auth/login 200 in 12ms (compile: 1934µs, proxy.ts: 2ms, render: 8ms)
 GET /auth/login 200 in 12ms (compile: 1653µs, proxy.ts: 2ms, render: 8ms)
 GET /auth/login 200 in 16ms (compile: 2ms, proxy.ts: 2ms, render: 12ms)
 GET /auth/login 200 in 42ms (compile: 2ms, proxy.ts: 2ms, render: 37ms)
 GET /auth/login 200 in 98ms (compile: 2ms, proxy.ts: 2ms, render: 94ms)
 GET /auth/login 200 in 98ms (compile: 59ms, proxy.ts: 16ms, render: 23ms)
 GET /auth/login 200 in 14ms (compile: 2ms, proxy.ts: 3ms, render: 8ms)
 GET /auth/login 200 in 15ms (compile: 1973µs, proxy.ts: 2ms, render: 11ms)
 GET /auth/login 200 in 15ms (compile: 1787µs, proxy.ts: 1865µs, render: 11ms)
 GET /auth/login 200 in 13ms (compile: 1741µs, proxy.ts: 1999µs, render: 9ms)
 GET /auth/login 200 in 27ms (compile: 4ms, proxy.ts: 3ms, render: 20ms)
 GET /auth/login 200 in 22ms (compile: 3ms, proxy.ts: 3ms, render: 16ms)
 GET /auth/login 200 in 14ms (compile: 2ms, proxy.ts: 3ms, render: 9ms)
 GET /auth/login 200 in 16ms (compile: 1907µs, proxy.ts: 2ms, render: 11ms)
 GET /auth/login 200 in 12ms (compile: 1567µs, proxy.ts: 2ms, render: 8ms)
 GET /auth/login 200 in 12ms (compile: 1821µs, proxy.ts: 2ms, render: 8ms)
 GET /auth/login 200 in 15ms (compile: 5ms, proxy.ts: 2ms, render: 7ms)
 GET /auth/login 200 in 14ms (compile: 1744µs, proxy.ts: 2ms, render: 10ms)
 GET /auth/login 200 in 19ms (compile: 1552µs, proxy.ts: 2ms, render: 15ms)
 GET /auth/login 200 in 17ms (compile: 3ms, proxy.ts: 2ms, render: 11ms)
 GET /auth/login 200 in 17ms (compile: 2ms, proxy.ts: 2ms, render: 12ms)
 GET /auth/login 200 in 24ms (compile: 3ms, proxy.ts: 3ms, render: 18ms)
 GET /auth/login 200 in 37ms (compile: 2ms, proxy.ts: 3ms, render: 32ms)
 GET /auth/login 200 in 14ms (compile: 2ms, proxy.ts: 3ms, render: 9ms)
 GET /auth/login 200 in 13ms (compile: 2ms, proxy.ts: 1918µs, render: 9ms)
 GET /auth/login 200 in 13ms (compile: 1953µs, proxy.ts: 2ms, render: 9ms)
 GET /auth/login 200 in 16ms (compile: 1782µs, proxy.ts: 2ms, render: 12ms)
 ✓ Compiled in 72ms
 ✓ Compiled in 69ms
 GET /auth/login 200 in 117ms (compile: 11ms, proxy.ts: 7ms, render: 98ms)
 GET /admin 200 in 1792ms (compile: 125ms, proxy.ts: 695ms, render: 973ms)
 GET /profile 200 in 1043ms (compile: 108ms, proxy.ts: 915ms, render: 19ms)
 ✓ Compiled in 77ms
 GET /profile 200 in 957ms (compile: 76ms, proxy.ts: 857ms, render: 25ms)
 GET /profile 200 in 431ms (compile: 9ms, proxy.ts: 395ms, render: 27ms)
 GET /profile 200 in 437ms (compile: 18ms, proxy.ts: 398ms, render: 21ms)
 GET /profile 200 in 437ms (compile: 2ms, proxy.ts: 404ms, render: 30ms)
 GET /profile 200 in 520ms (compile: 13ms, proxy.ts: 495ms, render: 12ms)
 GET /profile 200 in 406ms (compile: 15ms, proxy.ts: 376ms, render: 15ms)
 GET /profile 200 in 417ms (compile: 7ms, proxy.ts: 400ms, render: 11ms)
 GET /profile 200 in 413ms (compile: 3ms, proxy.ts: 394ms, render: 16ms)
 GET /profile 200 in 422ms (compile: 10ms, proxy.ts: 375ms, render: 37ms)
 GET /profile 200 in 411ms (compile: 3ms, proxy.ts: 376ms, render: 32ms)
 GET /profile 200 in 422ms (compile: 3ms, proxy.ts: 400ms, render: 18ms)
 GET /profile 200 in 428ms (compile: 4ms, proxy.ts: 391ms, render: 33ms)
 GET /profile 200 in 429ms (compile: 4ms, proxy.ts: 397ms, render: 29ms)
 GET /profile 200 in 466ms (compile: 24ms, proxy.ts: 428ms, render: 14ms)
 GET /profile 200 in 396ms (compile: 6ms, proxy.ts: 379ms, render: 11ms)
 GET /profile 200 in 411ms (compile: 13ms, proxy.ts: 384ms, render: 13ms)
 GET /profile 200 in 416ms (compile: 10ms, proxy.ts: 377ms, render: 30ms)
 GET /profile 200 in 616ms (compile: 17ms, proxy.ts: 586ms, render: 12ms)
 GET /profile 200 in 424ms (compile: 9ms, proxy.ts: 386ms, render: 29ms)
 GET /profile 200 in 544ms (compile: 9ms, proxy.ts: 513ms, render: 22ms)
 GET /profile 200 in 517ms (compile: 14ms, proxy.ts: 480ms, render: 23ms)
 GET /profile 200 in 513ms (compile: 4ms, proxy.ts: 496ms, render: 13ms)
 GET /profile 200 in 427ms (compile: 12ms, proxy.ts: 393ms, render: 22ms)
 GET /profile 200 in 435ms (compile: 5ms, proxy.ts: 385ms, render: 45ms)
 GET /auth/login 200 in 140ms (compile: 85ms, proxy.ts: 27ms, render: 27ms)
 GET /auth/forgot-password 200 in 210ms (compile: 191ms, proxy.ts: 3ms, render: 16ms)
 GET /auth/login 200 in 42ms (compile: 19ms, proxy.ts: 3ms, render: 19ms)
 ✓ Compiled in 51ms
 GET /auth/forgot-password 200 in 36ms (compile: 9ms, proxy.ts: 11ms, render: 17ms)
 POST /auth/login 200 in 111ms (compile: 8ms, proxy.ts: 6ms, render: 97ms)
 GET /auth/login 200 in 42ms (compile: 15ms, proxy.ts: 10ms, render: 16ms)
 ✓ Compiled in 40ms
 GET /admin 200 in 1766ms (compile: 125ms, proxy.ts: 673ms, render: 968ms)
 ✓ Compiled in 76ms
 ✓ Compiled in 49ms
 POST /api/auth/password/generate-temp 404 in 1314ms (compile: 77ms, proxy.ts: 1174ms, render: 63ms)
 GET /auth/login 200 in 46ms (compile: 13ms, proxy.ts: 9ms, render: 24ms)
 GET /auth/forgot-password 200 in 121ms (compile: 92ms, proxy.ts: 10ms, render: 19ms)
 POST /auth/login 200 in 47ms (compile: 9ms, proxy.ts: 8ms, render: 31ms)
 GET /auth/forgot-password 200 in 145ms (compile: 41ms, proxy.ts: 77ms, render: 27ms)
 GET /auth/forgot-password 200 in 30ms (compile: 7ms, proxy.ts: 5ms, render: 18ms)
 GET /auth/forgot-password 200 in 30ms (compile: 3ms, proxy.ts: 4ms, render: 23ms)
 GET /auth/forgot-password 200 in 17ms (compile: 3ms, proxy.ts: 3ms, render: 12ms)
 GET /auth/forgot-password 200 in 28ms (compile: 15ms, proxy.ts: 2ms, render: 10ms)
 GET /auth/forgot-password 200 in 12ms (compile: 1702µs, proxy.ts: 2ms, render: 8ms)
 GET /auth/forgot-password 200 in 14ms (compile: 1398µs, proxy.ts: 2ms, render: 11ms)
 GET /auth/forgot-password 200 in 13ms (compile: 1615µs, proxy.ts: 2ms, render: 9ms)
 GET /auth/forgot-password 200 in 16ms (compile: 1407µs, proxy.ts: 2ms, render: 13ms)
 GET /auth/forgot-password 200 in 13ms (compile: 1766µs, proxy.ts: 1916µs, render: 9ms)
 GET /auth/forgot-password 200 in 15ms (compile: 1880µs, proxy.ts: 1803µs, render: 11ms)
 GET /auth/forgot-password 200 in 12ms (compile: 1601µs, proxy.ts: 1730µs, render: 9ms)
 GET /auth/forgot-password 200 in 19ms (compile: 3ms, proxy.ts: 2ms, render: 13ms)
 GET /auth/forgot-password 200 in 12ms (compile: 1907µs, proxy.ts: 2ms, render: 8ms)
 GET /auth/forgot-password 200 in 16ms (compile: 1484µs, proxy.ts: 1963µs, render: 13ms)
 GET /auth/forgot-password 200 in 14ms (compile: 1653µs, proxy.ts: 2ms, render: 10ms)
 GET /auth/forgot-password 200 in 19ms (compile: 1756µs, proxy.ts: 4ms, render: 13ms)
 GET /auth/forgot-password 200 in 13ms (compile: 3ms, proxy.ts: 2ms, render: 8ms)
 GET /auth/forgot-password 200 in 18ms (compile: 1594µs, proxy.ts: 2ms, render: 14ms)
 GET /auth/forgot-password 200 in 16ms (compile: 1982µs, proxy.ts: 2ms, render: 11ms)
 GET /auth/forgot-password 200 in 21ms (compile: 1922µs, proxy.ts: 4ms, render: 15ms)
 GET /auth/forgot-password 200 in 14ms (compile: 2ms, proxy.ts: 2ms, render: 10ms)
 GET /auth/forgot-password 200 in 16ms (compile: 1988µs, proxy.ts: 3ms, render: 11ms)
 GET /auth/forgot-password 200 in 13ms (compile: 1835µs, proxy.ts: 1922µs, render: 9ms)
 GET /auth/forgot-password 200 in 17ms (compile: 1924µs, proxy.ts: 2ms, render: 12ms)
 GET /auth/forgot-password 200 in 13ms (compile: 1777µs, proxy.ts: 2ms, render: 9ms)
 POST /auth/login 200 in 142ms (compile: 23ms, proxy.ts: 2ms, render: 116ms)
 GET /auth/installHook.js.map 404 in 138ms (compile: 55ms, proxy.ts: 4ms, render: 79ms)
 POST /auth/login 200 in 52ms (compile: 7ms, proxy.ts: 7ms, render: 38ms)
 GET /auth/forgot-password 200 in 85ms (compile: 42ms, proxy.ts: 13ms, render: 31ms)
 GET /auth/forgot-password 200 in 12ms (compile: 1466µs, proxy.ts: 2ms, render: 9ms)
 GET /auth/forgot-password 200 in 14ms (compile: 1602µs, proxy.ts: 1734µs, render: 11ms)
 GET /auth/forgot-password 200 in 16ms (compile: 4ms, proxy.ts: 3ms, render: 9ms)
 GET /auth/forgot-password 200 in 17ms (compile: 1553µs, proxy.ts: 2ms, render: 14ms)
 GET /auth/forgot-password 200 in 11ms (compile: 1849µs, proxy.ts: 1661µs, render: 8ms)
 GET /auth/forgot-password 200 in 15ms (compile: 1358µs, proxy.ts: 2ms, render: 12ms)
 GET /auth/forgot-password 200 in 11ms (compile: 1520µs, proxy.ts: 1959µs, render: 8ms)
 GET /auth/forgot-password 200 in 15ms (compile: 1579µs, proxy.ts: 1991µs, render: 11ms)
 GET /auth/forgot-password 200 in 11ms (compile: 1381µs, proxy.ts: 1927µs, render: 8ms)
 GET /auth/forgot-password 200 in 14ms (compile: 1455µs, proxy.ts: 1953µs, render: 11ms)
 GET /auth/forgot-password 200 in 13ms (compile: 1827µs, proxy.ts: 2ms, render: 9ms)
 GET /auth/forgot-password 200 in 17ms (compile: 2ms, proxy.ts: 2ms, render: 13ms)
 GET /auth/forgot-password 200 in 12ms (compile: 1766µs, proxy.ts: 3ms, render: 8ms)
 GET /auth/forgot-password 200 in 16ms (compile: 1983µs, proxy.ts: 2ms, render: 12ms)
 GET /auth/forgot-password 200 in 13ms (compile: 1757µs, proxy.ts: 1876µs, render: 10ms)
 GET /auth/forgot-password 200 in 33ms (compile: 4ms, proxy.ts: 3ms, render: 26ms)
 GET /auth/forgot-password 200 in 30ms (compile: 8ms, proxy.ts: 7ms, render: 16ms)
 GET /auth/forgot-password 200 in 39ms (compile: 4ms, proxy.ts: 4ms, render: 31ms)
 GET /auth/forgot-password 200 in 28ms (compile: 3ms, proxy.ts: 4ms, render: 20ms)
 GET /auth/forgot-password 200 in 24ms (compile: 5ms, proxy.ts: 3ms, render: 17ms)
 GET /auth/forgot-password 200 in 37ms (compile: 1913µs, proxy.ts: 3ms, render: 32ms)
 GET /auth/forgot-password 200 in 18ms (compile: 1886µs, proxy.ts: 2ms, render: 14ms)
 GET /auth/forgot-password 200 in 12ms (compile: 1923µs, proxy.ts: 2ms, render: 8ms)
 GET /auth/forgot-password 200 in 17ms (compile: 1872µs, proxy.ts: 1866µs, render: 13ms)
 GET /auth/forgot-password 200 in 13ms (compile: 2ms, proxy.ts: 2ms, render: 8ms)
 GET /auth/forgot-password 200 in 17ms (compile: 5ms, proxy.ts: 3ms, render: 9ms)
 GET /auth/forgot-password 200 in 12ms (compile: 1373µs, proxy.ts: 2ms, render: 8ms)
 GET /auth/forgot-password 200 in 79ms (compile: 48ms, proxy.ts: 9ms, render: 22ms)
 GET /auth/forgot-password 200 in 14ms (compile: 1889µs, proxy.ts: 2ms, render: 10ms)
 GET /auth/forgot-password 200 in 17ms (compile: 1941µs, proxy.ts: 3ms, render: 13ms)
 GET /auth/forgot-password 200 in 12ms (compile: 1443µs, proxy.ts: 1943µs, render: 9ms)
 GET /auth/forgot-password 200 in 15ms (compile: 1680µs, proxy.ts: 2ms, render: 12ms)
 GET /auth/forgot-password 200 in 12ms (compile: 1755µs, proxy.ts: 1812µs, render: 8ms)
 GET /auth/forgot-password 200 in 14ms (compile: 1536µs, proxy.ts: 1957µs, render: 11ms)
 GET /auth/forgot-password 200 in 12ms (compile: 1797µs, proxy.ts: 2ms, render: 8ms)
 GET /auth/forgot-password 200 in 16ms (compile: 1589µs, proxy.ts: 2ms, render: 12ms)
 GET /auth/forgot-password 200 in 12ms (compile: 1742µs, proxy.ts: 2ms, render: 8ms)
 GET /auth/forgot-password 200 in 15ms (compile: 1506µs, proxy.ts: 2ms, render: 12ms)
 GET /auth/forgot-password 200 in 12ms (compile: 1966µs, proxy.ts: 2ms, render: 7ms)
 GET /auth/forgot-password 200 in 15ms (compile: 1723µs, proxy.ts: 2ms, render: 11ms)
 GET /auth/forgot-password 200 in 11ms (compile: 1653µs, proxy.ts: 2ms, render: 7ms)
 GET /auth/forgot-password 200 in 15ms (compile: 1687µs, proxy.ts: 2ms, render: 11ms)
 GET /auth/forgot-password 200 in 12ms (compile: 1587µs, proxy.ts: 2ms, render: 8ms)
 GET /auth/forgot-password 200 in 16ms (compile: 1426µs, proxy.ts: 2ms, render: 12ms)
 GET /auth/forgot-password 200 in 13ms (compile: 1943µs, proxy.ts: 2ms, render: 9ms)
 GET /auth/forgot-password 200 in 18ms (compile: 2ms, proxy.ts: 2ms, render: 13ms)
 GET /auth/forgot-password 200 in 16ms (compile: 5ms, proxy.ts: 2ms, render: 9ms)
 GET /auth/forgot-password 200 in 23ms (compile: 1571µs, proxy.ts: 3ms, render: 19ms)
 GET /auth/forgot-password 200 in 13ms (compile: 1876µs, proxy.ts: 2ms, render: 9ms)
 GET /auth/forgot-password 200 in 22ms (compile: 3ms, proxy.ts: 3ms, render: 16ms)
 GET /auth/forgot-password 200 in 21ms (compile: 2ms, proxy.ts: 4ms, render: 14ms)
 GET /auth/forgot-password 200 in 29ms (compile: 2ms, proxy.ts: 3ms, render: 23ms)
 GET /auth/forgot-password 200 in 23ms (compile: 3ms, proxy.ts: 3ms, render: 17ms)
 GET /auth/forgot-password 200 in 26ms (compile: 2ms, proxy.ts: 4ms, render: 20ms)
 GET /auth/forgot-password 200 in 46ms (compile: 3ms, proxy.ts: 3ms, render: 40ms)
 GET /auth/forgot-password 200 in 16ms (compile: 1696µs, proxy.ts: 2ms, render: 12ms)
 GET /auth/forgot-password 200 in 14ms (compile: 1505µs, proxy.ts: 2ms, render: 10ms)
 POST /auth/login 200 in 151ms (compile: 20ms, proxy.ts: 6ms, render: 125ms)
 GET /auth/forgot-password 404 in 101ms (compile: 63ms, proxy.ts: 16ms, render: 22ms)
 GET /auth/forgot-password 200 in 41ms (compile: 22ms, proxy.ts: 2ms, render: 17ms)
 GET /auth/forgot-password 200 in 16ms (compile: 1792µs, proxy.ts: 1980µs, render: 13ms)
 GET /auth/forgot-password 200 in 12ms (compile: 1545µs, proxy.ts: 2ms, render: 9ms)
 GET /auth/forgot-password 200 in 19ms (compile: 1673µs, proxy.ts: 2ms, render: 15ms)
 GET /auth/forgot-password 200 in 19ms (compile: 2ms, proxy.ts: 4ms, render: 12ms)
 GET /auth/forgot-password 200 in 21ms (compile: 1797µs, proxy.ts: 2ms, render: 17ms)
 GET /auth/forgot-password 200 in 74ms (compile: 2ms, proxy.ts: 3ms, render: 69ms)
 GET /auth/forgot-password 200 in 67ms (compile: 17ms, proxy.ts: 3ms, render: 47ms)
 GET /auth/forgot-password 200 in 29ms (compile: 4ms, proxy.ts: 4ms, render: 21ms)
 GET /auth/forgot-password 200 in 14ms (compile: 3ms, proxy.ts: 2ms, render: 9ms)
 GET /auth/forgot-password 200 in 19ms (compile: 7ms, proxy.ts: 1948µs, render: 10ms)
 GET /auth/forgot-password 200 in 18ms (compile: 2ms, proxy.ts: 2ms, render: 14ms)
 GET /auth/forgot-password 200 in 13ms (compile: 1728µs, proxy.ts: 2ms, render: 9ms)
 GET /auth/forgot-password 200 in 15ms (compile: 2ms, proxy.ts: 2ms, render: 11ms)
 GET /auth/forgot-password 200 in 16ms (compile: 1737µs, proxy.ts: 2ms, render: 12ms)
 GET /auth/forgot-password 200 in 17ms (compile: 2ms, proxy.ts: 3ms, render: 12ms)
 GET /auth/forgot-password 200 in 13ms (compile: 1875µs, proxy.ts: 2ms, render: 8ms)
 GET /auth/forgot-password 200 in 16ms (compile: 1633µs, proxy.ts: 2ms, render: 13ms)
 GET /auth/forgot-password 200 in 12ms (compile: 1818µs, proxy.ts: 2ms, render: 8ms)
 GET /auth/forgot-password 200 in 16ms (compile: 1502µs, proxy.ts: 2ms, render: 13ms)
 GET /auth/forgot-password 200 in 13ms (compile: 1853µs, proxy.ts: 2ms, render: 9ms)
 GET /auth/forgot-password 200 in 17ms (compile: 1709µs, proxy.ts: 2ms, render: 13ms)
 GET /auth/forgot-password 200 in 13ms (compile: 2ms, proxy.ts: 3ms, render: 8ms)
 GET /auth/forgot-password 200 in 16ms (compile: 1885µs, proxy.ts: 2ms, render: 12ms)
 GET /auth/forgot-password 200 in 12ms (compile: 1429µs, proxy.ts: 3ms, render: 8ms)
 GET /auth/forgot-password 200 in 15ms (compile: 1708µs, proxy.ts: 2ms, render: 11ms)
 GET /auth/forgot-password 200 in 11ms (compile: 1586µs, proxy.ts: 2ms, render: 8ms)
 GET /auth/forgot-password 200 in 17ms (compile: 1860µs, proxy.ts: 2ms, render: 13ms)
 GET /auth/forgot-password 200 in 12ms (compile: 1741µs, proxy.ts: 1914µs, render: 8ms)
 GET /auth/forgot-password 200 in 16ms (compile: 1756µs, proxy.ts: 2ms, render: 12ms)
 GET /auth/forgot-password 200 in 13ms (compile: 1842µs, proxy.ts: 2ms, render: 9ms)
 GET /auth/forgot-password 200 in 69ms (compile: 2ms, proxy.ts: 2ms, render: 64ms)
 GET /auth/installHook.js.map 404 in 42ms (compile: 6ms, proxy.ts: 3ms, render: 32ms)
 GET /auth/forgot-password 200 in 131ms (compile: 85ms, proxy.ts: 15ms, render: 31ms)
 GET /auth/forgot-password 200 in 23ms (compile: 1910µs, proxy.ts: 12ms, render: 9ms)
 GET /auth/forgot-password 200 in 14ms (compile: 1954µs, proxy.ts: 2ms, render: 9ms)
 GET /auth/forgot-password 200 in 15ms (compile: 5ms, proxy.ts: 2ms, render: 9ms)
 GET /auth/forgot-password 200 in 15ms (compile: 1529µs, proxy.ts: 2ms, render: 11ms)
 GET /auth/forgot-password 200 in 12ms (compile: 1795µs, proxy.ts: 2ms, render: 8ms)
 GET /auth/forgot-password 200 in 15ms (compile: 1823µs, proxy.ts: 2ms, render: 11ms)
 GET /auth/forgot-password 200 in 12ms (compile: 1747µs, proxy.ts: 2ms, render: 8ms)
 GET /auth/forgot-password 200 in 15ms (compile: 1444µs, proxy.ts: 1980µs, render: 11ms)
 GET /auth/forgot-password 200 in 11ms (compile: 1385µs, proxy.ts: 1837µs, render: 8ms)
 GET /auth/forgot-password 200 in 14ms (compile: 1514µs, proxy.ts: 2ms, render: 11ms)
 GET /auth/forgot-password 200 in 12ms (compile: 2ms, proxy.ts: 1891µs, render: 8ms)
 GET /auth/forgot-password 200 in 16ms (compile: 1371µs, proxy.ts: 1858µs, render: 13ms)
 GET /auth/forgot-password 200 in 13ms (compile: 1859µs, proxy.ts: 2ms, render: 9ms)
 GET /auth/forgot-password 200 in 17ms (compile: 1564µs, proxy.ts: 2ms, render: 13ms)
 GET /auth/forgot-password 200 in 17ms (compile: 2ms, proxy.ts: 1874µs, render: 13ms)
 GET /auth/forgot-password 200 in 22ms (compile: 1683µs, proxy.ts: 4ms, render: 16ms)
 GET /auth/forgot-password 200 in 15ms (compile: 1837µs, proxy.ts: 2ms, render: 11ms)
 GET /auth/forgot-password 200 in 20ms (compile: 2ms, proxy.ts: 3ms, render: 14ms)
 GET /auth/forgot-password 200 in 15ms (compile: 1872µs, proxy.ts: 2ms, render: 11ms)
 GET /auth/forgot-password 200 in 23ms (compile: 3ms, proxy.ts: 2ms, render: 18ms)
 GET /auth/forgot-password 200 in 23ms (compile: 3ms, proxy.ts: 3ms, render: 16ms)
 GET /auth/forgot-password 200 in 24ms (compile: 3ms, proxy.ts: 3ms, render: 19ms)
 GET /auth/forgot-password 200 in 20ms (compile: 1888µs, proxy.ts: 3ms, render: 15ms)
 GET /auth/forgot-password 200 in 23ms (compile: 3ms, proxy.ts: 3ms, render: 17ms)
 GET /auth/forgot-password 200 in 40ms (compile: 1907µs, proxy.ts: 4ms, render: 34ms)
 GET /auth/forgot-password 200 in 20ms (compile: 1913µs, proxy.ts: 4ms, render: 15ms)
 GET /auth/forgot-password 200 in 13ms (compile: 2ms, proxy.ts: 1904µs, render: 9ms)
 GET /auth/forgot-password 200 in 16ms (compile: 2ms, proxy.ts: 2ms, render: 12ms)
 GET /auth/forgot-password 200 in 13ms (compile: 2ms, proxy.ts: 2ms, render: 8ms)
 GET /auth/forgot-password 200 in 18ms (compile: 6ms, proxy.ts: 3ms, render: 10ms)
 GET /auth/forgot-password 200 in 12ms (compile: 1519µs, proxy.ts: 2ms, render: 9ms)
 GET /auth/forgot-password 200 in 14ms (compile: 4ms, proxy.ts: 1903µs, render: 8ms)
 GET /auth/forgot-password 200 in 15ms (compile: 1765µs, proxy.ts: 2ms, render: 11ms)
 POST /auth/login 200 in 134ms (compile: 18ms, proxy.ts: 8ms, render: 107ms)
 GET /auth/login 200 in 39ms (compile: 2ms, proxy.ts: 17ms, render: 20ms)
 GET /dashboard 200 in 1946ms (compile: 134ms, proxy.ts: 901ms, render: 912ms)
 GET /dashboard 200 in 2.0s (compile: 14ms, proxy.ts: 885ms, render: 1104ms)
 GET /installHook.js.map 404 in 524ms (compile: 68ms, proxy.ts: 410ms, render: 46ms)
 GET /dashboard 200 in 554ms (compile: 13ms, proxy.ts: 476ms, render: 65ms)
 GET /dashboard 200 in 1440ms (compile: 14ms, proxy.ts: 473ms, render: 952ms)
 GET /installHook.js.map 404 in 466ms (compile: 17ms, proxy.ts: 416ms, render: 33ms)
 GET /react_devtools_backend_compact.js.map 404 in 514ms (compile: 34ms, proxy.ts: 441ms, render: 39ms)
 GET /dashboard 200 in 1305ms (compile: 3ms, proxy.ts: 389ms, render: 913ms)
 GET /profile 200 in 798ms (compile: 40ms, proxy.ts: 713ms, render: 44ms)
 GET /profile 200 in 693ms (compile: 15ms, proxy.ts: 658ms, render: 20ms)
 ✓ Compiled in 108ms
 ✓ Compiled in 81ms
[0;36m[INFO][0m Detected pnpm (pnpm-lock.yaml found)
[0;31m[ERROR][0m Package manager 'pnpm' is not installed
[0;36m[INFO][0m Detected pnpm (pnpm-lock.yaml found)
[0;36m[INFO][0m Using package manager: pnpm
[0;36m[INFO][0m Running script: build
[0;36m[INFO][0m Executing: pnpm run build

> my-v0-project@0.1.0 build /Users/pro/projects/frontend/3dp-admin-portal
> next build

Attention: Next.js now collects completely anonymous telemetry regarding usage.
This information is used to shape Next.js' roadmap and prioritize features.
You can learn more, including how to opt-out if you'd not like to participate in this anonymous program, by visiting the following URL:
https://nextjs.org/telemetry

   ▲ Next.js 16.0.0 (Turbopack)
   - Environments: .env.local

 ⚠ The "middleware" file convention is deprecated. Please use "proxy" instead. Learn more: https://nextjs.org/docs/messages/middleware-to-proxy
   Creating an optimized production build ...
Turbopack build encountered 2 warnings:
./app/api/auth/password/send-admin-credentials/route.ts:33:30
Module not found: Can't resolve 'resend'
[0m [90m 31 |[39m           [90m// @ts-ignore - resend might not be installed[39m
 [90m 32 |[39m           [90m// eslint-disable-next-line @typescript-eslint/no-var-requires, global-require[39m
[31m[1m>[22m[39m[90m 33 |[39m           [36mconst[39m { [33mResend[39m } [33m=[39m require([32m'resend'[39m)
 [90m    |[39m                              [31m[1m^[22m[39m[31m[1m^[22m[39m[31m[1m^[22m[39m[31m[1m^[22m[39m[31m[1m^[22m[39m[31m[1m^[22m[39m[31m[1m^[22m[39m[31m[1m^[22m[39m[31m[1m^[22m[39m[31m[1m^[22m[39m[31m[1m^[22m[39m[31m[1m^[22m[39m[31m[1m^[22m[39m[31m[1m^[22m[39m[31m[1m^[22m[39m[31m[1m^[22m[39m[31m[1m^[22m[39m
 [90m 34 |[39m           [36mconst[39m resend [33m=[39m [36mnew[39m [33mResend[39m(process[33m.[39menv[33m.[39m[33mRESEND_API_KEY[39m)
 [90m 35 |[39m           [36mawait[39m resend[33m.[39memails[33m.[39msend({
 [90m 36 |[39m             [36mfrom[39m[33m:[39m process[33m.[39menv[33m.[39m[33mEMAIL_FROM[39m [33m||[39m [32m'noreply@3dp.local'[39m[33m,[39m[0m



https://nextjs.org/docs/messages/module-not-found


./app/api/auth/password/send-reset-code/route.ts:33:30
Module not found: Can't resolve 'resend'
[0m [90m 31 |[39m           [90m// @ts-ignore - resend might not be installed[39m
 [90m 32 |[39m           [90m// eslint-disable-next-line @typescript-eslint/no-var-requires, global-require[39m
[31m[1m>[22m[39m[90m 33 |[39m           [36mconst[39m { [33mResend[39m } [33m=[39m require([32m'resend'[39m)
 [90m    |[39m                              [31m[1m^[22m[39m[31m[1m^[22m[39m[31m[1m^[22m[39m[31m[1m^[22m[39m[31m[1m^[22m[39m[31m[1m^[22m[39m[31m[1m^[22m[39m[31m[1m^[22m[39m[31m[1m^[22m[39m[31m[1m^[22m[39m[31m[1m^[22m[39m[31m[1m^[22m[39m[31m[1m^[22m[39m[31m[1m^[22m[39m[31m[1m^[22m[39m[31m[1m^[22m[39m[31m[1m^[22m[39m
 [90m 34 |[39m           [36mconst[39m resend [33m=[39m [36mnew[39m [33mResend[39m(process[33m.[39menv[33m.[39m[33mRESEND_API_KEY[39m)
 [90m 35 |[39m           [36mawait[39m resend[33m.[39memails[33m.[39msend({
 [90m 36 |[39m             [36mfrom[39m[33m:[39m process[33m.[39menv[33m.[39m[33mEMAIL_FROM[39m [33m||[39m [32m'noreply@3dp.local'[39m[33m,[39m[0m



https://nextjs.org/docs/messages/module-not-found


 ✓ Compiled successfully in 3.5s
   Skipping validation of types
   Collecting page data ...
   Generating static pages (0/18) ...
   Generating static pages (4/18) 
   Generating static pages (8/18) 
 ⨯ useSearchParams() should be wrapped in a suspense boundary at page "/auth/reset-password". Read more: https://nextjs.org/docs/messages/missing-suspense-with-csr-bailout
    at S (/Users/pro/projects/frontend/3dp-admin-portal/.next/server/chunks/ssr/f0026_next_90b2443c._.js:2:2111)
    at p (/Users/pro/projects/frontend/3dp-admin-portal/.next/server/chunks/ssr/f0026_next_90b2443c._.js:4:4842)
    at n (/Users/pro/projects/frontend/3dp-admin-portal/.next/server/chunks/ssr/_36530678._.js:1:3292)
    at ir (/Users/pro/projects/frontend/3dp-admin-portal/node_modules/.pnpm/next@16.0.0_react-dom@19.2.0_react@19.2.0__react@19.2.0/node_modules/next/dist/compiled/next-server/app-page-turbo.runtime.prod.js:2:84433)
    at ia (/Users/pro/projects/frontend/3dp-admin-portal/node_modules/.pnpm/next@16.0.0_react-dom@19.2.0_react@19.2.0__react@19.2.0/node_modules/next/dist/compiled/next-server/app-page-turbo.runtime.prod.js:2:86252)
    at il (/Users/pro/projects/frontend/3dp-admin-portal/node_modules/.pnpm/next@16.0.0_react-dom@19.2.0_react@19.2.0__react@19.2.0/node_modules/next/dist/compiled/next-server/app-page-turbo.runtime.prod.js:2:107981)
    at is (/Users/pro/projects/frontend/3dp-admin-portal/node_modules/.pnpm/next@16.0.0_react-dom@19.2.0_react@19.2.0__react@19.2.0/node_modules/next/dist/compiled/next-server/app-page-turbo.runtime.prod.js:2:105399)
    at ii (/Users/pro/projects/frontend/3dp-admin-portal/node_modules/.pnpm/next@16.0.0_react-dom@19.2.0_react@19.2.0__react@19.2.0/node_modules/next/dist/compiled/next-server/app-page-turbo.runtime.prod.js:2:84785)
    at ia (/Users/pro/projects/frontend/3dp-admin-portal/node_modules/.pnpm/next@16.0.0_react-dom@19.2.0_react@19.2.0__react@19.2.0/node_modules/next/dist/compiled/next-server/app-page-turbo.runtime.prod.js:2:86301)
    at ia (/Users/pro/projects/frontend/3dp-admin-portal/node_modules/.pnpm/next@16.0.0_react-dom@19.2.0_react@19.2.0__react@19.2.0/node_modules/next/dist/compiled/next-server/app-page-turbo.runtime.prod.js:2:104739)
Error occurred prerendering page "/auth/reset-password". Read more: https://nextjs.org/docs/messages/prerender-error
Export encountered an error on /auth/reset-password/page: /auth/reset-password, exiting the build.
 ⨯ Next.js build worker exited with code: 1 and signal: null
 ELIFECYCLE  Command failed with exit code 1.
[0;36m[INFO][0m Detected pnpm (pnpm-lock.yaml found)
[0;36m[INFO][0m Using package manager: pnpm
[0;36m[INFO][0m Running script: build
[0;36m[INFO][0m Executing: pnpm run build

> my-v0-project@0.1.0 build /Users/pro/projects/frontend/3dp-admin-portal
> next build

   ▲ Next.js 16.0.0 (Turbopack)
   - Environments: .env.local

 ⚠ The "middleware" file convention is deprecated. Please use "proxy" instead. Learn more: https://nextjs.org/docs/messages/middleware-to-proxy
   Creating an optimized production build ...
Turbopack build encountered 2 warnings:
./app/api/auth/password/send-admin-credentials/route.ts:33:30
Module not found: Can't resolve 'resend'
[0m [90m 31 |[39m           [90m// @ts-ignore - resend might not be installed[39m
 [90m 32 |[39m           [90m// eslint-disable-next-line @typescript-eslint/no-var-requires, global-require[39m
[31m[1m>[22m[39m[90m 33 |[39m           [36mconst[39m { [33mResend[39m } [33m=[39m require([32m'resend'[39m)
 [90m    |[39m                              [31m[1m^[22m[39m[31m[1m^[22m[39m[31m[1m^[22m[39m[31m[1m^[22m[39m[31m[1m^[22m[39m[31m[1m^[22m[39m[31m[1m^[22m[39m[31m[1m^[22m[39m[31m[1m^[22m[39m[31m[1m^[22m[39m[31m[1m^[22m[39m[31m[1m^[22m[39m[31m[1m^[22m[39m[31m[1m^[22m[39m[31m[1m^[22m[39m[31m[1m^[22m[39m[31m[1m^[22m[39m
 [90m 34 |[39m           [36mconst[39m resend [33m=[39m [36mnew[39m [33mResend[39m(process[33m.[39menv[33m.[39m[33mRESEND_API_KEY[39m)
 [90m 35 |[39m           [36mawait[39m resend[33m.[39memails[33m.[39msend({
 [90m 36 |[39m             [36mfrom[39m[33m:[39m process[33m.[39menv[33m.[39m[33mEMAIL_FROM[39m [33m||[39m [32m'noreply@3dp.local'[39m[33m,[39m[0m



https://nextjs.org/docs/messages/module-not-found


./app/api/auth/password/send-reset-code/route.ts:33:30
Module not found: Can't resolve 'resend'
[0m [90m 31 |[39m           [90m// @ts-ignore - resend might not be installed[39m
 [90m 32 |[39m           [90m// eslint-disable-next-line @typescript-eslint/no-var-requires, global-require[39m
[31m[1m>[22m[39m[90m 33 |[39m           [36mconst[39m { [33mResend[39m } [33m=[39m require([32m'resend'[39m)
 [90m    |[39m                              [31m[1m^[22m[39m[31m[1m^[22m[39m[31m[1m^[22m[39m[31m[1m^[22m[39m[31m[1m^[22m[39m[31m[1m^[22m[39m[31m[1m^[22m[39m[31m[1m^[22m[39m[31m[1m^[22m[39m[31m[1m^[22m[39m[31m[1m^[22m[39m[31m[1m^[22m[39m[31m[1m^[22m[39m[31m[1m^[22m[39m[31m[1m^[22m[39m[31m[1m^[22m[39m[31m[1m^[22m[39m
 [90m 34 |[39m           [36mconst[39m resend [33m=[39m [36mnew[39m [33mResend[39m(process[33m.[39menv[33m.[39m[33mRESEND_API_KEY[39m)
 [90m 35 |[39m           [36mawait[39m resend[33m.[39memails[33m.[39msend({
 [90m 36 |[39m             [36mfrom[39m[33m:[39m process[33m.[39menv[33m.[39m[33mEMAIL_FROM[39m [33m||[39m [32m'noreply@3dp.local'[39m[33m,[39m[0m



https://nextjs.org/docs/messages/module-not-found


 ✓ Compiled successfully in 2.7s
   Skipping validation of types
   Collecting page data ...
   Generating static pages (0/18) ...
   Generating static pages (4/18) 
   Generating static pages (8/18) 
 ⨯ useSearchParams() should be wrapped in a suspense boundary at page "/auth/reset-password". Read more: https://nextjs.org/docs/messages/missing-suspense-with-csr-bailout
    at S (/Users/pro/projects/frontend/3dp-admin-portal/.next/server/chunks/ssr/node_modules__pnpm_d9e1b01b._.js:2:2111)
    at p (/Users/pro/projects/frontend/3dp-admin-portal/.next/server/chunks/ssr/node_modules__pnpm_d9e1b01b._.js:4:4842)
    at n (/Users/pro/projects/frontend/3dp-admin-portal/.next/server/chunks/ssr/_e4e1fe49._.js:1:2358)
    at ir (/Users/pro/projects/frontend/3dp-admin-portal/node_modules/.pnpm/next@16.0.0_react-dom@19.2.0_react@19.2.0__react@19.2.0/node_modules/next/dist/compiled/next-server/app-page-turbo.runtime.prod.js:2:84433)
    at ia (/Users/pro/projects/frontend/3dp-admin-portal/node_modules/.pnpm/next@16.0.0_react-dom@19.2.0_react@19.2.0__react@19.2.0/node_modules/next/dist/compiled/next-server/app-page-turbo.runtime.prod.js:2:86252)
    at il (/Users/pro/projects/frontend/3dp-admin-portal/node_modules/.pnpm/next@16.0.0_react-dom@19.2.0_react@19.2.0__react@19.2.0/node_modules/next/dist/compiled/next-server/app-page-turbo.runtime.prod.js:2:107981)
    at is (/Users/pro/projects/frontend/3dp-admin-portal/node_modules/.pnpm/next@16.0.0_react-dom@19.2.0_react@19.2.0__react@19.2.0/node_modules/next/dist/compiled/next-server/app-page-turbo.runtime.prod.js:2:105399)
    at ii (/Users/pro/projects/frontend/3dp-admin-portal/node_modules/.pnpm/next@16.0.0_react-dom@19.2.0_react@19.2.0__react@19.2.0/node_modules/next/dist/compiled/next-server/app-page-turbo.runtime.prod.js:2:84785)
    at ia (/Users/pro/projects/frontend/3dp-admin-portal/node_modules/.pnpm/next@16.0.0_react-dom@19.2.0_react@19.2.0__react@19.2.0/node_modules/next/dist/compiled/next-server/app-page-turbo.runtime.prod.js:2:86301)
    at ia (/Users/pro/projects/frontend/3dp-admin-portal/node_modules/.pnpm/next@16.0.0_react-dom@19.2.0_react@19.2.0__react@19.2.0/node_modules/next/dist/compiled/next-server/app-page-turbo.runtime.prod.js:2:104739)
Error occurred prerendering page "/auth/reset-password". Read more: https://nextjs.org/docs/messages/prerender-error
Export encountered an error on /auth/reset-password/page: /auth/reset-password, exiting the build.
 ⨯ Next.js build worker exited with code: 1 and signal: null
 ELIFECYCLE  Command failed with exit code 1.
[0;36m[INFO][0m Detected pnpm (pnpm-lock.yaml found)
[0;36m[INFO][0m Using package manager: pnpm
[0;36m[INFO][0m Running script: start
[0;36m[INFO][0m Executing: pnpm run start

> my-v0-project@0.1.0 start /Users/pro/projects/frontend/3dp-admin-portal
> next start

   ▲ Next.js 16.0.0
   - Local:        http://localhost:3000
   - Network:      http://192.168.0.3:3000

 ✓ Starting...
 ✓ Ready in 130ms
[0;36m[INFO][0m Detected pnpm (pnpm-lock.yaml found)
[0;36m[INFO][0m Using package manager: pnpm
[0;36m[INFO][0m Running script: start
[0;36m[INFO][0m Executing: pnpm run start

> my-v0-project@0.1.0 start /Users/pro/projects/frontend/3dp-admin-portal
> next start

   ▲ Next.js 16.0.0
   - Local:        http://localhost:3000
   - Network:      http://192.168.0.3:3000

 ✓ Starting...
Error: Could not find a production build in the '.next' directory. Try building your app with 'next build' before starting the production server. https://nextjs.org/docs/messages/production-start-no-build-id
    at ignore-listed frames
 ELIFECYCLE  Command failed with exit code 1.
[0;36m[INFO][0m Detected pnpm (pnpm-lock.yaml found)
[0;36m[INFO][0m Using package manager: pnpm
[0;36m[INFO][0m Running script: start
[0;36m[INFO][0m Executing: pnpm run start

> my-v0-project@0.1.0 start /Users/pro/projects/frontend/3dp-admin-portal
> next start

   ▲ Next.js 16.0.0
   - Local:        http://localhost:3000
   - Network:      http://192.168.0.3:3000

 ✓ Starting...
 ✓ Ready in 129ms
[0;36m[INFO][0m Detected pnpm (pnpm-lock.yaml found)
[0;36m[INFO][0m Using package manager: pnpm
[0;36m[INFO][0m Running script: start
[0;36m[INFO][0m Executing: pnpm run start

> my-v0-project@0.1.0 start /Users/pro/projects/frontend/3dp-admin-portal
> next start

   ▲ Next.js 16.0.0
   - Local:        http://localhost:3000
   - Network:      http://192.168.0.3:3000

 ✓ Starting...
 ✓ Ready in 146ms
[0;36m[INFO][0m Detected pnpm (pnpm-lock.yaml found)
[0;36m[INFO][0m Using package manager: pnpm
[0;36m[INFO][0m Running script: start
[0;36m[INFO][0m Executing: pnpm run start

> my-v0-project@0.1.0 start /Users/pro/projects/frontend/3dp-admin-portal
> next start

   ▲ Next.js 16.0.0
   - Local:        http://localhost:3000
   - Network:      http://192.168.0.3:3000

 ✓ Starting...
 ✓ Ready in 136ms
[0;36m[INFO][0m Detected pnpm (pnpm-lock.yaml found)
[0;36m[INFO][0m Using package manager: pnpm
[0;36m[INFO][0m Running script: start
[0;36m[INFO][0m Executing: pnpm run start

> my-v0-project@0.1.0 start /Users/pro/projects/frontend/3dp-admin-portal
> next start

   ▲ Next.js 16.0.0
   - Local:        http://localhost:3000
   - Network:      http://192.168.0.3:3000

 ✓ Starting...
Error: Could not find a production build in the '.next' directory. Try building your app with 'next build' before starting the production server. https://nextjs.org/docs/messages/production-start-no-build-id
    at ignore-listed frames
 ELIFECYCLE  Command failed with exit code 1.
[0;36m[INFO][0m Detected pnpm (pnpm-lock.yaml found)
[0;36m[INFO][0m Using package manager: pnpm
[0;36m[INFO][0m Running script: start
[0;36m[INFO][0m Executing: pnpm run start

> my-v0-project@0.1.0 start /Users/pro/projects/frontend/3dp-admin-portal
> next start

   ▲ Next.js 16.0.0
   - Local:        http://localhost:3000
   - Network:      http://192.168.0.3:3000

 ✓ Starting...
 ✓ Ready in 140ms
[0;36m[INFO][0m Detected pnpm (pnpm-lock.yaml found)
[0;36m[INFO][0m Using package manager: pnpm
[0;36m[INFO][0m Running script: start
[0;36m[INFO][0m Executing: pnpm run start

> my-v0-project@0.1.0 start /Users/pro/projects/frontend/3dp-admin-portal
> next start

   ▲ Next.js 16.0.0
   - Local:        http://localhost:3000
   - Network:      http://192.168.0.3:3000

 ✓ Starting...
 ✓ Ready in 137ms
✅ Email sent successfully to yvesgeno@email.com
